Build started 2014-02-04 11:44:45.
     1>Project "C:\Users\Fotze\Documents\GitHub\SuitEmUp\1. Suit 'em up Game Development\SuitEmUp\SuitEmUp\SuitEmUp.vcxproj" on node 2 (Build target(s)).
     1>ClCompile:
         C:\Program Files (x86)\Microsoft Visual Studio 11.0\VC\bin\CL.exe /c /I"C:\cpp\SFML-2.1\include" /ZI /nologo /W3 /WX- /Od /Oy- /D WIN32 /D _DEBUG /D _CONSOLE /D _UNICODE /D UNICODE /Gm /EHsc /RTC1 /MDd /GS /fp:precise /Zc:wchar_t /Zc:forScope /Fo"Debug\\" /Fd"Debug\vc110.pdb" /Gd /TP /analyze- /errorReport:prompt "..\..\..\1. Suit 'em up Game Development\SuitEmUp\SuitEmUp\DrawManager.cpp" "..\..\..\1. Suit 'em up Game Development\SuitEmUp\SuitEmUp\Engine.cpp" "..\..\..\1. Suit 'em up Game Development\SuitEmUp\SuitEmUp\GameObjectManager.cpp" "..\..\..\1. Suit 'em up Game Development\SuitEmUp\SuitEmUp\Level.cpp"
         DrawManager.cpp
     1>c:\users\fotze\documents\github\suitemup\1. suit 'em up game development\suitemup\suitemup\drawmanager.cpp(47): error C2664: 'void sf::RenderTarget::draw(const sf::Drawable &,const sf::RenderStates &)' : cannot convert parameter 1 from 'std::vector<_Ty>' to 'const sf::Drawable &'
                 with
                 [
                     _Ty=GameObject *
                 ]
                 Reason: cannot convert from 'std::vector<_Ty>' to 'const sf::Drawable'
                 with
                 [
                     _Ty=GameObject *
                 ]
                 No user-defined-conversion operator available that can perform this conversion, or the operator cannot be called
         Generating Code...
         Compiling...
         Engine.cpp
     1>c:\users\fotze\documents\github\suitemup\1. suit 'em up game development\suitemup\suitemup\engine.cpp(44): error C2664: 'DrawManager::initialize' : cannot convert parameter 1 from 'sf::RenderWindow *' to 'sf::RenderWindow &'
     1>c:\users\fotze\documents\github\suitemup\1. suit 'em up game development\suitemup\suitemup\engine.cpp(99): warning C4244: '=' : conversion from 'sf::Int32' to 'float', possible loss of data
         Generating Code...
         Compiling...
         GameObjectManager.cpp
         Generating Code...
         Skipping... (no relevant changes detected)
         Level.cpp
     1>Done Building Project "C:\Users\Fotze\Documents\GitHub\SuitEmUp\1. Suit 'em up Game Development\SuitEmUp\SuitEmUp\SuitEmUp.vcxproj" (Build target(s)) -- FAILED.

Build FAILED.

Time Elapsed 00:00:02.68
